Streaming transaction logs mentioning 5MSKMK96xy7rVkXYAgBPZmZfwRkvehe8P94qvVHhCSP1. Confirmed commitment
Transaction executed in slot 3:
  Signature: 3kETRqWVQjzRs4nL2b2Y5VXfMVyYrr2UCiSc4iE7EAAiwidUEumit6yArC7oEtM4uvnxJUvysT4QRWCAjedsD9Er
  Status: Ok
  Log Messages:
    Program 5MSKMK96xy7rVkXYAgBPZmZfwRkvehe8P94qvVHhCSP1 invoke [1]
    Program log: Instruction: CreateQueue
    Program 11111111111111111111111111111111 invoke [2]
    Program 11111111111111111111111111111111 success
    Program data: Eof0taJTWq8pmSG7y8uipd3maPD5bPbSuXCmUVbt0oUto4T6NBZqEmhADB9D46jKZcnzaaJv/DyfILpqIdhhs+QLAsmGorp+CgAAAHRlc3QtcXVldWUEAwoAAAAAAAAADwiqaQAAAAA=
    Program 5MSKMK96xy7rVkXYAgBPZmZfwRkvehe8P94qvVHhCSP1 consumed 9159 of 200000 compute units
    Program 5MSKMK96xy7rVkXYAgBPZmZfwRkvehe8P94qvVHhCSP1 success
Transaction executed in slot 4:
  Signature: 3YuLe83EfSnMk9jHD1LCLyYE8FsahPpUWrgqZ5SGp3YaFxUhqaSn8KMeejDmMKpVm2fADv9p2yQLrJEvoTjdZ8vE
  Status: Ok
  Log Messages:
    Program 5MSKMK96xy7rVkXYAgBPZmZfwRkvehe8P94qvVHhCSP1 invoke [1]
    Program log: Instruction: InitBucket
    Program 11111111111111111111111111111111 invoke [2]
    Program 11111111111111111111111111111111 success
    Program data: oDY2nqkZOvIpmSG7y8uipd3maPD5bPbSuXCmUVbt0oUto4T6NBZqEt05YLDHE4tQRTbkXQDUJv8Q8ei7qYoVya+QwXaEJIYRAA8IqmkAAAAA
    Program 5MSKMK96xy7rVkXYAgBPZmZfwRkvehe8P94qvVHhCSP1 consumed 9411 of 200000 compute units
    Program 5MSKMK96xy7rVkXYAgBPZmZfwRkvehe8P94qvVHhCSP1 success
Transaction executed in slot 4:
  Signature: 3QapUyppASN1NTyCYfY4d5Jn2fPuGHjmd2VKc2DGug4apadvQYs5y6mwKicj9zm9VBGgJSaAPrRHCFwX7rAARBoA
  Status: Ok
  Log Messages:
    Program 5MSKMK96xy7rVkXYAgBPZmZfwRkvehe8P94qvVHhCSP1 invoke [1]
    Program log: Instruction: InitBucket
    Program 11111111111111111111111111111111 invoke [2]
    Program 11111111111111111111111111111111 success
    Program data: oDY2nqkZOvIpmSG7y8uipd3maPD5bPbSuXCmUVbt0oUto4T6NBZqEoji2qDf16bcvdEO1uItUhS0tWlPh0OebZ45N+F1sXOAAQ8IqmkAAAAA
    Program 5MSKMK96xy7rVkXYAgBPZmZfwRkvehe8P94qvVHhCSP1 consumed 13911 of 200000 compute units
    Program 5MSKMK96xy7rVkXYAgBPZmZfwRkvehe8P94qvVHhCSP1 success
Transaction executed in slot 5:
  Signature: 3QapUyppASN1NTyCYfY4d5Jn2fPuGHjmd2VKc2DGug4apadvQYs5y6mwKicj9zm9VBGgJSaAPrRHCFwX7rAARBoA
  Status: Ok
  Log Messages:
    Program 5MSKMK96xy7rVkXYAgBPZmZfwRkvehe8P94qvVHhCSP1 invoke [1]
    Program log: Instruction: InitBucket
    Program 11111111111111111111111111111111 invoke [2]
    Program 11111111111111111111111111111111 success
    Program data: oDY2nqkZOvIpmSG7y8uipd3maPD5bPbSuXCmUVbt0oUto4T6NBZqEoji2qDf16bcvdEO1uItUhS0tWlPh0OebZ45N+F1sXOAARAIqmkAAAAA
    Program 5MSKMK96xy7rVkXYAgBPZmZfwRkvehe8P94qvVHhCSP1 consumed 13911 of 200000 compute units
    Program 5MSKMK96xy7rVkXYAgBPZmZfwRkvehe8P94qvVHhCSP1 success
Transaction executed in slot 6:
  Signature: 4YDCfSuUjdNgFGgSFp5tRzVq6rQRiPkXZJHwtMmmcSGfiFBqwWSjeHre1USCuj3GCUbiPm7wNLzkxPrMtdY4hTgy
  Status: Ok
  Log Messages:
    Program 5MSKMK96xy7rVkXYAgBPZmZfwRkvehe8P94qvVHhCSP1 invoke [1]
    Program log: Instruction: InitBucket
    Program 11111111111111111111111111111111 invoke [2]
    Program 11111111111111111111111111111111 success
    Program data: oDY2nqkZOvIpmSG7y8uipd3maPD5bPbSuXCmUVbt0oUto4T6NBZqEolmjUuZ3GLBmiJ8PzJ9sL1hlssHKx2+43qQjuLD1OmMAhAIqmkAAAAA
    Program 5MSKMK96xy7rVkXYAgBPZmZfwRkvehe8P94qvVHhCSP1 consumed 9411 of 200000 compute units
    Program 5MSKMK96xy7rVkXYAgBPZmZfwRkvehe8P94qvVHhCSP1 success
Transaction executed in slot 7:
  Signature: 5bUcXFjYhJhmLViocooDXCqckRt664tCeyRiQ2wELAxU9j8H3GrBXJXGFAoMD3vTDaN5tW118eaBknEaWSEzuhSi
  Status: Ok
  Log Messages:
    Program 5MSKMK96xy7rVkXYAgBPZmZfwRkvehe8P94qvVHhCSP1 invoke [1]
    Program log: Instruction: InitBucket
    Program 11111111111111111111111111111111 invoke [2]
    Program 11111111111111111111111111111111 success
    Program data: oDY2nqkZOvIpmSG7y8uipd3maPD5bPbSuXCmUVbt0oUto4T6NBZqEjtcpmuG6lsiFwFVUGZ9ZGt+4fkypQ5hmRKzz0uL2zI9AxEIqmkAAAAA
    Program 5MSKMK96xy7rVkXYAgBPZmZfwRkvehe8P94qvVHhCSP1 consumed 13911 of 200000 compute units
    Program 5MSKMK96xy7rVkXYAgBPZmZfwRkvehe8P94qvVHhCSP1 success
Transaction executed in slot 7:
  Signature: 26dUYrGtTzB42PLquvcF5jQNFMjAjUh5SGt36S2ybxJ2rVWyUUSiCMr4yRjWBcAoPP7JtCFwXGEdag97gVLC64b9
  Status: Ok
  Log Messages:
    Program 5MSKMK96xy7rVkXYAgBPZmZfwRkvehe8P94qvVHhCSP1 invoke [1]
    Program log: Instruction: CreateQueue
    Program 11111111111111111111111111111111 invoke [2]
    Program 11111111111111111111111111111111 success
    Program data: Eof0taJTWq/6cG1sLjb5aGXInH1i0ri8fGYH6M66qLQI+HBQAOVE52hADB9D46jKZcnzaaJv/DyfILpqIdhhs+QLAsmGorp+CgAAAG9yZGVyLXRlc3QEAzwAAAAAAAAAEQiqaQAAAAA=
    Program 5MSKMK96xy7rVkXYAgBPZmZfwRkvehe8P94qvVHhCSP1 consumed 9159 of 200000 compute units
    Program 5MSKMK96xy7rVkXYAgBPZmZfwRkvehe8P94qvVHhCSP1 success
Transaction executed in slot 8:
  Signature: 26dUYrGtTzB42PLquvcF5jQNFMjAjUh5SGt36S2ybxJ2rVWyUUSiCMr4yRjWBcAoPP7JtCFwXGEdag97gVLC64b9
  Status: Ok
  Log Messages:
    Program 5MSKMK96xy7rVkXYAgBPZmZfwRkvehe8P94qvVHhCSP1 invoke [1]
    Program log: Instruction: CreateQueue
    Program 11111111111111111111111111111111 invoke [2]
    Program 11111111111111111111111111111111 success
    Program data: Eof0taJTWq/6cG1sLjb5aGXInH1i0ri8fGYH6M66qLQI+HBQAOVE52hADB9D46jKZcnzaaJv/DyfILpqIdhhs+QLAsmGorp+CgAAAG9yZGVyLXRlc3QEAzwAAAAAAAAAEQiqaQAAAAA=
    Program 5MSKMK96xy7rVkXYAgBPZmZfwRkvehe8P94qvVHhCSP1 consumed 9159 of 200000 compute units
    Program 5MSKMK96xy7rVkXYAgBPZmZfwRkvehe8P94qvVHhCSP1 success
Transaction executed in slot 9:
  Signature: 31BUFH295jmdyku6KoGeQDfyf6TXp3BjtoBymWhrTmu5NL4CwA8gparHC3s7hepmCUyPW5NeYRiAAt8gdDP76gGw
  Status: Ok
  Log Messages:
    Program 5MSKMK96xy7rVkXYAgBPZmZfwRkvehe8P94qvVHhCSP1 invoke [1]
    Program log: Instruction: RegisterWorker
    Program 11111111111111111111111111111111 invoke [2]
    Program 11111111111111111111111111111111 success
    Program data: IMREVevJ1bMpmSG7y8uipd3maPD5bPbSuXCmUVbt0oUto4T6NBZqEkJZcYm2z7pZ+8SXG8LqrROVhT5ODburLnf6dBdUSjLwEQiqaQAAAAA=
    Program 5MSKMK96xy7rVkXYAgBPZmZfwRkvehe8P94qvVHhCSP1 consumed 9062 of 200000 compute units
    Program 5MSKMK96xy7rVkXYAgBPZmZfwRkvehe8P94qvVHhCSP1 success
Transaction executed in slot 9:
  Signature: JLFw2kFMV8mbkz92C1GizWQGwEXs8dot9puifPHYjSTPFwZJM5uDX5kJpnaDnYQ1LJzFcABYUSKm6nuX5uCtete
  Status: Ok
  Log Messages:
    Program 5MSKMK96xy7rVkXYAgBPZmZfwRkvehe8P94qvVHhCSP1 invoke [1]
    Program log: Instruction: RegisterWorker
    Program 11111111111111111111111111111111 invoke [2]
    Program 11111111111111111111111111111111 success
    Program data: IMREVevJ1bMpmSG7y8uipd3maPD5bPbSuXCmUVbt0oUto4T6NBZqEuFVZANDRRn5JVmjQFZzTnN9AAQwAYmqBIS7gS4tyuE4EQiqaQAAAAA=
    Program 5MSKMK96xy7rVkXYAgBPZmZfwRkvehe8P94qvVHhCSP1 consumed 12062 of 200000 compute units
    Program 5MSKMK96xy7rVkXYAgBPZmZfwRkvehe8P94qvVHhCSP1 success
Transaction executed in slot 10:
  Signature: JLFw2kFMV8mbkz92C1GizWQGwEXs8dot9puifPHYjSTPFwZJM5uDX5kJpnaDnYQ1LJzFcABYUSKm6nuX5uCtete
  Status: Ok
  Log Messages:
    Program 5MSKMK96xy7rVkXYAgBPZmZfwRkvehe8P94qvVHhCSP1 invoke [1]
    Program log: Instruction: RegisterWorker
    Program 11111111111111111111111111111111 invoke [2]
    Program 11111111111111111111111111111111 success
    Program data: IMREVevJ1bMpmSG7y8uipd3maPD5bPbSuXCmUVbt0oUto4T6NBZqEuFVZANDRRn5JVmjQFZzTnN9AAQwAYmqBIS7gS4tyuE4EgiqaQAAAAA=
    Program 5MSKMK96xy7rVkXYAgBPZmZfwRkvehe8P94qvVHhCSP1 consumed 12062 of 200000 compute units
    Program 5MSKMK96xy7rVkXYAgBPZmZfwRkvehe8P94qvVHhCSP1 success
Transaction executed in slot 11:
  Signature: bFbYLJPCUJ3RByhpazSQ3RAyDq3hfadhHTwmH94MLbCLdxceCjM5yehUrfkP7KSeF5L7SSnnxAm3fxAzjTG4FBh
  Status: Ok
  Log Messages:
    Program 5MSKMK96xy7rVkXYAgBPZmZfwRkvehe8P94qvVHhCSP1 invoke [1]
    Program log: Instruction: RegisterWorker
    Program 11111111111111111111111111111111 invoke [2]
    Program 11111111111111111111111111111111 success
    Program data: IMREVevJ1bMpmSG7y8uipd3maPD5bPbSuXCmUVbt0oUto4T6NBZqEiRmjFS0lifyDfX5x3j8sF65h3wbR0PY7JFNtTtiqpG1EgiqaQAAAAA=
    Program 5MSKMK96xy7rVkXYAgBPZmZfwRkvehe8P94qvVHhCSP1 consumed 13562 of 200000 compute units
    Program 5MSKMK96xy7rVkXYAgBPZmZfwRkvehe8P94qvVHhCSP1 success
Transaction executed in slot 12:
  Signature: 4ovDNJffD6A5wxWbuPyBgfjBjhcNjHFLhRF6FqJ7i6ywyna82GecBXnW8mZuoeqcPwUHo4RcFogfL2tuMJM7poh5
  Status: Ok
  Log Messages:
    Program 5MSKMK96xy7rVkXYAgBPZmZfwRkvehe8P94qvVHhCSP1 invoke [1]
    Program log: Instruction: DeregisterWorker
    Program data: /IpnzdZcJMwpmSG7y8uipd3maPD5bPbSuXCmUVbt0oUto4T6NBZqEiRmjFS0lifyDfX5x3j8sF65h3wbR0PY7JFNtTtiqpG1EwiqaQAAAAA=
    Program 5MSKMK96xy7rVkXYAgBPZmZfwRkvehe8P94qvVHhCSP1 consumed 5087 of 200000 compute units
    Program 5MSKMK96xy7rVkXYAgBPZmZfwRkvehe8P94qvVHhCSP1 success
Transaction executed in slot 13:
  Signature: 5d1REkzd2G6QKdm4J4vEU5HJF3yNWu9M8gyX2Vpu3C6tjM6GrtRBAV3zjqRCo8cyLr8Nz3Ab7wvzmPjstNpXV93P
  Status: Ok
  Log Messages:
    Program 5MSKMK96xy7rVkXYAgBPZmZfwRkvehe8P94qvVHhCSP1 invoke [1]
    Program log: Instruction: SubmitJob
    Program 11111111111111111111111111111111 invoke [2]
    Program 11111111111111111111111111111111 success
    Program data: gcwjfyYyg/gpmSG7y8uipd3maPD5bPbSuXCmUVbt0oUto4T6NBZqEgAAAAAAAAAAaEAMH0PjqMplyfNpom/8PJ8gumoh2GGz5AsCyYaiun72kMK7rVgg9fAU4RxvTKHFd+3Z9VJ49yyQNg866avDSAUAEwiqaQAAAAA=
    Program 5MSKMK96xy7rVkXYAgBPZmZfwRkvehe8P94qvVHhCSP1 consumed 17481 of 200000 compute units
    Program 5MSKMK96xy7rVkXYAgBPZmZfwRkvehe8P94qvVHhCSP1 success
Transaction executed in slot 14:
  Signature: Ks4px6epUSPWJmiBdDBDX8pMs49xBMRLTWL94cudgiGvVvVdVNKREZuLkHnZk8CZJ1e77oToS7jVDMQ8RaCsM88
  Status: Ok
  Log Messages:
    Program 5MSKMK96xy7rVkXYAgBPZmZfwRkvehe8P94qvVHhCSP1 invoke [1]
    Program log: Instruction: SubmitJob
    Program 11111111111111111111111111111111 invoke [2]
    Program 11111111111111111111111111111111 success
    Program data: gcwjfyYyg/gpmSG7y8uipd3maPD5bPbSuXCmUVbt0oUto4T6NBZqEgEAAAAAAAAAaEAMH0PjqMplyfNpom/8PJ8gumoh2GGz5AsCyYaiun5RzFfmR3RUT40UyIDHvhI06rmI5K112rQLoXUETeIM8gABEwiqaQAAAAA=
    Program 5MSKMK96xy7rVkXYAgBPZmZfwRkvehe8P94qvVHhCSP1 consumed 12981 of 200000 compute units
    Program 5MSKMK96xy7rVkXYAgBPZmZfwRkvehe8P94qvVHhCSP1 success
Transaction executed in slot 15:
  Signature: 4syncFsfQ5fdcwaEXQviKXBPu5Y2zTLfK1MXNT6kT4PN1TUpNp6fZyGH46XoaCQBHjbo5tiV8ztHnckHh41mHeDV
  Status: Ok
  Log Messages:
    Program 5MSKMK96xy7rVkXYAgBPZmZfwRkvehe8P94qvVHhCSP1 invoke [1]
    Program log: Instruction: SubmitJob
    Program 11111111111111111111111111111111 invoke [2]
    Program 11111111111111111111111111111111 success
    Program data: gcwjfyYyg/gpmSG7y8uipd3maPD5bPbSuXCmUVbt0oUto4T6NBZqEgIAAAAAAAAAaEAMH0PjqMplyfNpom/8PJ8gumoh2GGz5AsCyYaiun7S6Qzb9XLjN8I6SearcVIHt7c9FVadnTvAGwJ9B2RnNAoCFAiqaQAAAAA=
    Program 5MSKMK96xy7rVkXYAgBPZmZfwRkvehe8P94qvVHhCSP1 consumed 12981 of 200000 compute units
    Program 5MSKMK96xy7rVkXYAgBPZmZfwRkvehe8P94qvVHhCSP1 success
Transaction executed in slot 16:
  Signature: 62prmp6bNv25bjuvFENJmvBiHSgSQdHikkK1Lw4JPqPkwrV71XJ2G3A7r2MbUEjqRj2iTxb4hikAZLXmVafwSkjn
  Status: Ok
  Log Messages:
    Program 5MSKMK96xy7rVkXYAgBPZmZfwRkvehe8P94qvVHhCSP1 invoke [1]
    Program log: Instruction: SubmitJob
    Program 11111111111111111111111111111111 invoke [2]
    Program 11111111111111111111111111111111 success
    Program data: gcwjfyYyg/gpmSG7y8uipd3maPD5bPbSuXCmUVbt0oUto4T6NBZqEgMAAAAAAAAAaEAMH0PjqMplyfNpom/8PJ8gumoh2GGz5AsCyYaiun4rGQbt0NWu44IEgOaBz2EUJU0PQqTz/bI7ySDuTJAwTxQDFAiqaQAAAAA=
    Program 5MSKMK96xy7rVkXYAgBPZmZfwRkvehe8P94qvVHhCSP1 consumed 12981 of 200000 compute units
    Program 5MSKMK96xy7rVkXYAgBPZmZfwRkvehe8P94qvVHhCSP1 success
Transaction executed in slot 17:
  Signature: ccHFZm9q5o7VrDPDWcWJ4iSrbnQEZrFkdJ6Xgbi6UQKDdMDZPiRjqJtwCEHvz3QDjd7eALSPNFzwXaGtq9Wt9WH
  Status: Ok
  Log Messages:
    Program 5MSKMK96xy7rVkXYAgBPZmZfwRkvehe8P94qvVHhCSP1 invoke [1]
    Program log: Instruction: SubmitJob
    Program 11111111111111111111111111111111 invoke [2]
    Program 11111111111111111111111111111111 success
    Program data: gcwjfyYyg/gpmSG7y8uipd3maPD5bPbSuXCmUVbt0oUto4T6NBZqEgQAAAAAAAAAaEAMH0PjqMplyfNpom/8PJ8gumoh2GGz5AsCyYaiun4CBZA2ZZvBUaGxEX7O7NzmqIR+Qqv2inyPnOghM657PR4AFQiqaQAAAAA=
    Program 5MSKMK96xy7rVkXYAgBPZmZfwRkvehe8P94qvVHhCSP1 consumed 14481 of 200000 compute units
    Program 5MSKMK96xy7rVkXYAgBPZmZfwRkvehe8P94qvVHhCSP1 success
Transaction executed in slot 17:
  Signature: 3GTdfNBbJMf5Cy5CaUNuYzTyk93nFJe9vpZRDkiRSVf5wpJLW5y6Dga8zxd7FD2Bj8Dsu4tNgwEh3d8Ve5CvkZEs
  Status: Ok
  Log Messages:
    Program 5MSKMK96xy7rVkXYAgBPZmZfwRkvehe8P94qvVHhCSP1 invoke [1]
    Program log: Instruction: SubmitJob
    Program 11111111111111111111111111111111 invoke [2]
    Program 11111111111111111111111111111111 success
    Program data: gcwjfyYyg/gpmSG7y8uipd3maPD5bPbSuXCmUVbt0oUto4T6NBZqEgUAAAAAAAAAaEAMH0PjqMplyfNpom/8PJ8gumoh2GGz5AsCyYaiun5B+5TApNy+LcUIrGTH8dyB9o+tdOiQVLQg1LT4GplexSgBFQiqaQAAAAA=
    Program 5MSKMK96xy7rVkXYAgBPZmZfwRkvehe8P94qvVHhCSP1 consumed 14481 of 200000 compute units
    Program 5MSKMK96xy7rVkXYAgBPZmZfwRkvehe8P94qvVHhCSP1 success
Transaction executed in slot 18:
  Signature: 3GTdfNBbJMf5Cy5CaUNuYzTyk93nFJe9vpZRDkiRSVf5wpJLW5y6Dga8zxd7FD2Bj8Dsu4tNgwEh3d8Ve5CvkZEs
  Status: Ok
  Log Messages:
    Program 5MSKMK96xy7rVkXYAgBPZmZfwRkvehe8P94qvVHhCSP1 invoke [1]
    Program log: Instruction: SubmitJob
    Program 11111111111111111111111111111111 invoke [2]
    Program 11111111111111111111111111111111 success
    Program data: gcwjfyYyg/gpmSG7y8uipd3maPD5bPbSuXCmUVbt0oUto4T6NBZqEgUAAAAAAAAAaEAMH0PjqMplyfNpom/8PJ8gumoh2GGz5AsCyYaiun5B+5TApNy+LcUIrGTH8dyB9o+tdOiQVLQg1LT4GplexSgBFQiqaQAAAAA=
    Program 5MSKMK96xy7rVkXYAgBPZmZfwRkvehe8P94qvVHhCSP1 consumed 14481 of 200000 compute units
    Program 5MSKMK96xy7rVkXYAgBPZmZfwRkvehe8P94qvVHhCSP1 success
Transaction executed in slot 19:
  Signature: B6JptREhwMCpvt6zYo7Qa4UYY49aUKMMAmesTzwhybkCWQenYN9r5EzFhHNXL3hRHU14nt2AsZu1wkbGHuan2DM
  Status: Ok
  Log Messages:
    Program 5MSKMK96xy7rVkXYAgBPZmZfwRkvehe8P94qvVHhCSP1 invoke [1]
    Program log: Instruction: SubmitJob
    Program 11111111111111111111111111111111 invoke [2]
    Program 11111111111111111111111111111111 success
    Program data: gcwjfyYyg/gpmSG7y8uipd3maPD5bPbSuXCmUVbt0oUto4T6NBZqEgYAAAAAAAAAaEAMH0PjqMplyfNpom/8PJ8gumoh2GGz5AsCyYaiun71jrzQuhGGMOKhUWhMcC08LM6qK+QyyNQXUL0awnPHaTICFQiqaQAAAAA=
    Program 5MSKMK96xy7rVkXYAgBPZmZfwRkvehe8P94qvVHhCSP1 consumed 12981 of 200000 compute units
    Program 5MSKMK96xy7rVkXYAgBPZmZfwRkvehe8P94qvVHhCSP1 success
Transaction executed in slot 19:
  Signature: 2xGfzm5NKTJKqfqGeNXJ57NvnTJid91v4TGavi8LdDd9ftD4rf9X7fmyzymFooDbdMptXRouqdPEef6CTqgxttYD
  Status: Ok
  Log Messages:
    Program 5MSKMK96xy7rVkXYAgBPZmZfwRkvehe8P94qvVHhCSP1 invoke [1]
    Program log: Instruction: SubmitJob
    Program 11111111111111111111111111111111 invoke [2]
    Program 11111111111111111111111111111111 success
    Program data: gcwjfyYyg/gpmSG7y8uipd3maPD5bPbSuXCmUVbt0oUto4T6NBZqEgcAAAAAAAAAaEAMH0PjqMplyfNpom/8PJ8gumoh2GGz5AsCyYaiun6QonLLvCcLqaEUCtNClUOEClGrCgKIbq8EH1W3/XrSLzwDFQiqaQAAAAA=
    Program 5MSKMK96xy7rVkXYAgBPZmZfwRkvehe8P94qvVHhCSP1 consumed 14481 of 200000 compute units
    Program 5MSKMK96xy7rVkXYAgBPZmZfwRkvehe8P94qvVHhCSP1 success
Transaction executed in slot 20:
  Signature: 2xGfzm5NKTJKqfqGeNXJ57NvnTJid91v4TGavi8LdDd9ftD4rf9X7fmyzymFooDbdMptXRouqdPEef6CTqgxttYD
  Status: Ok
  Log Messages:
    Program 5MSKMK96xy7rVkXYAgBPZmZfwRkvehe8P94qvVHhCSP1 invoke [1]
    Program log: Instruction: SubmitJob
    Program 11111111111111111111111111111111 invoke [2]
    Program 11111111111111111111111111111111 success
    Program data: gcwjfyYyg/gpmSG7y8uipd3maPD5bPbSuXCmUVbt0oUto4T6NBZqEgcAAAAAAAAAaEAMH0PjqMplyfNpom/8PJ8gumoh2GGz5AsCyYaiun6QonLLvCcLqaEUCtNClUOEClGrCgKIbq8EH1W3/XrSLzwDFgiqaQAAAAA=
    Program 5MSKMK96xy7rVkXYAgBPZmZfwRkvehe8P94qvVHhCSP1 consumed 14481 of 200000 compute units
    Program 5MSKMK96xy7rVkXYAgBPZmZfwRkvehe8P94qvVHhCSP1 success
Transaction executed in slot 21:
  Signature: 3Ciq9xWjmoduYswaqLK48EVrtDv3UqfZBsiZC8x3Acakh7FThmct71iAdW3Rcpa9tDPA17A9gZd6GVcQRYSUATz5
  Status: Ok
  Log Messages:
    Program 5MSKMK96xy7rVkXYAgBPZmZfwRkvehe8P94qvVHhCSP1 invoke [1]
    Program log: Instruction: SubmitJob
    Program 11111111111111111111111111111111 invoke [2]
    Program 11111111111111111111111111111111 success
    Program data: gcwjfyYyg/gpmSG7y8uipd3maPD5bPbSuXCmUVbt0oUto4T6NBZqEggAAAAAAAAAaEAMH0PjqMplyfNpom/8PJ8gumoh2GGz5AsCyYaiun4b5r8YeYmSAXW9apwDB0Rj0WkDu7GN65J+LlbmSZdkMkYAFgiqaQAAAAA=
    Program 5MSKMK96xy7rVkXYAgBPZmZfwRkvehe8P94qvVHhCSP1 consumed 12981 of 200000 compute units
    Program 5MSKMK96xy7rVkXYAgBPZmZfwRkvehe8P94qvVHhCSP1 success
Transaction executed in slot 22:
  Signature: 41sq7bF9wetUbD3qkyL7ndTV7RdFxyGipyfjusqbYkNeDWZo927wxrxsfPwQgSKRR2Km3TWW9v7QH9cqBDWMiPKQ
  Status: Ok
  Log Messages:
    Program 5MSKMK96xy7rVkXYAgBPZmZfwRkvehe8P94qvVHhCSP1 invoke [1]
    Program log: Instruction: UpdateQueue
    Program data: RrU7hqjNd6gpmSG7y8uipd3maPD5bPbSuXCmUVbt0oUto4T6NBZqEmhADB9D46jKZcnzaaJv/DyfILpqIdhhs+QLAsmGorp+FwiqaQAAAAA=
    Program 5MSKMK96xy7rVkXYAgBPZmZfwRkvehe8P94qvVHhCSP1 consumed 3287 of 200000 compute units
    Program 5MSKMK96xy7rVkXYAgBPZmZfwRkvehe8P94qvVHhCSP1 success
Transaction executed in slot 22:
  Signature: 3xqsvjnVSvu8NQbExpopA5QEWdrNxAHGWTRgM3nUGUWaSq9Ld7LtJjN1f5cBxpfLLTM53CmNTm8tQuwnM7UvctWg
  Status: Error processing Instruction 0: custom program error: 0x1777
  Log Messages:
    Program 5MSKMK96xy7rVkXYAgBPZmZfwRkvehe8P94qvVHhCSP1 invoke [1]
    Program log: Instruction: SubmitJob
    Program 11111111111111111111111111111111 invoke [2]
    Program 11111111111111111111111111111111 success
    Program log: AnchorError caused by account: queue. Error Code: QueuePaused. Error Number: 6007. Error Message: Queue is paused — no submissions or claims allowed.
    Program 5MSKMK96xy7rVkXYAgBPZmZfwRkvehe8P94qvVHhCSP1 consumed 9615 of 200000 compute units
    Program 5MSKMK96xy7rVkXYAgBPZmZfwRkvehe8P94qvVHhCSP1 failed: custom program error: 0x1777
Transaction executed in slot 22:
  Signature: 2v6Rka5LzDrr2yM4p7b9Bq5RWrtCZAjb1yUswhDVPCVJSo9ztS8gFKyYrqRWPL4i4w4p8Bm2ytVAqhzVSsa251HL
  Status: Ok
  Log Messages:
    Program 5MSKMK96xy7rVkXYAgBPZmZfwRkvehe8P94qvVHhCSP1 invoke [1]
    Program log: Instruction: UpdateQueue
    Program data: RrU7hqjNd6gpmSG7y8uipd3maPD5bPbSuXCmUVbt0oUto4T6NBZqEmhADB9D46jKZcnzaaJv/DyfILpqIdhhs+QLAsmGorp+FwiqaQAAAAA=
    Program 5MSKMK96xy7rVkXYAgBPZmZfwRkvehe8P94qvVHhCSP1 consumed 3288 of 200000 compute units
    Program 5MSKMK96xy7rVkXYAgBPZmZfwRkvehe8P94qvVHhCSP1 success
Transaction executed in slot 23:
  Signature: 2v6Rka5LzDrr2yM4p7b9Bq5RWrtCZAjb1yUswhDVPCVJSo9ztS8gFKyYrqRWPL4i4w4p8Bm2ytVAqhzVSsa251HL
  Status: Ok
  Log Messages:
    Program 5MSKMK96xy7rVkXYAgBPZmZfwRkvehe8P94qvVHhCSP1 invoke [1]
    Program log: Instruction: UpdateQueue
    Program data: RrU7hqjNd6gpmSG7y8uipd3maPD5bPbSuXCmUVbt0oUto4T6NBZqEmhADB9D46jKZcnzaaJv/DyfILpqIdhhs+QLAsmGorp+FwiqaQAAAAA=
    Program 5MSKMK96xy7rVkXYAgBPZmZfwRkvehe8P94qvVHhCSP1 consumed 3288 of 200000 compute units
    Program 5MSKMK96xy7rVkXYAgBPZmZfwRkvehe8P94qvVHhCSP1 success
Transaction executed in slot 24:
  Signature: 2611wj19M5ihNQ1jRLMA3pAEZ2Zq4Bv8JR22cKJLWnP3c595rEE7FXySdUABAz4fLMzuEG71rcUJeFsgg9w1NpXK
  Status: Ok
  Log Messages:
    Program 5MSKMK96xy7rVkXYAgBPZmZfwRkvehe8P94qvVHhCSP1 invoke [1]
    Program log: Instruction: ClaimJob
    Program data: sG5oJhvcPb8pmSG7y8uipd3maPD5bPbSuXCmUVbt0oUto4T6NBZqEgAAAAAAAAAAQllxibbPuln7xJcbwuqtE5WFPk4Nu6sud/p0F1RKMvAAFwiqaQAAAAA=
    Program 5MSKMK96xy7rVkXYAgBPZmZfwRkvehe8P94qvVHhCSP1 consumed 10430 of 200000 compute units
    Program 5MSKMK96xy7rVkXYAgBPZmZfwRkvehe8P94qvVHhCSP1 success
Transaction executed in slot 24:
  Signature: 59NSYCPHh2yrCuttVTkrYsigynakhejBGvJ7hnFd4rtapisx5qSQzooAejpmdiN9pu4jZWMs7hxj99VPgNSeJxJU
  Status: Error processing Instruction 0: custom program error: 0x177e
  Log Messages:
    Program 5MSKMK96xy7rVkXYAgBPZmZfwRkvehe8P94qvVHhCSP1 invoke [1]
    Program log: Instruction: ClaimJob
    Program log: AnchorError caused by account: worker. Error Code: WorkerNotActive. Error Number: 6014. Error Message: Worker is not active.
    Program 5MSKMK96xy7rVkXYAgBPZmZfwRkvehe8P94qvVHhCSP1 consumed 8236 of 200000 compute units
    Program 5MSKMK96xy7rVkXYAgBPZmZfwRkvehe8P94qvVHhCSP1 failed: custom program error: 0x177e
Transaction executed in slot 24:
  Signature: 5p1Em25ZNmvuAJXAi7DBK35Fg1jmnfaXrVDvYrfxQwRsPzyNT9w83KzNjNyK2EnjPkfN221CmX8DaoVfw4a9KyZv
  Status: Error processing Instruction 0: custom program error: 0x177b
  Log Messages:
    Program 5MSKMK96xy7rVkXYAgBPZmZfwRkvehe8P94qvVHhCSP1 invoke [1]
    Program log: Instruction: ClaimJob
    Program log: AnchorError caused by account: job. Error Code: JobNotPending. Error Number: 6011. Error Message: Job is not in pending status.
    Program 5MSKMK96xy7rVkXYAgBPZmZfwRkvehe8P94qvVHhCSP1 consumed 4805 of 200000 compute units
    Program 5MSKMK96xy7rVkXYAgBPZmZfwRkvehe8P94qvVHhCSP1 failed: custom program error: 0x177b
Transaction executed in slot 28:
  Signature: khuebiHHY9i5GU5QzDacMxiQ4krvwKtLXzZPw59MUVMPZnimUmzA5yNbeiqKuKRvtBNSM3nPzLwQT8LL3NBz229
  Status: Ok
  Log Messages:
    Program 5MSKMK96xy7rVkXYAgBPZmZfwRkvehe8P94qvVHhCSP1 invoke [1]
    Program log: Instruction: Heartbeat
    Program data: 5W2sWOBSXyQpmSG7y8uipd3maPD5bPbSuXCmUVbt0oUto4T6NBZqEgAAAAAAAAAAQllxibbPuln7xJcbwuqtE5WFPk4Nu6sud/p0F1RKMvAZCKppAAAAAA==
    Program 5MSKMK96xy7rVkXYAgBPZmZfwRkvehe8P94qvVHhCSP1 consumed 6986 of 200000 compute units
    Program 5MSKMK96xy7rVkXYAgBPZmZfwRkvehe8P94qvVHhCSP1 success
Transaction executed in slot 29:
  Signature: 3kBze3rniyKkXNsuN5EhfynmuCEgzWn1BsMas4dXnaeC14DfRzUbu7iRB2GRRwfueQ5WY9urvxrUKg6BJrvKXioZ
  Status: Ok
  Log Messages:
    Program 5MSKMK96xy7rVkXYAgBPZmZfwRkvehe8P94qvVHhCSP1 invoke [1]
    Program log: Instruction: CompleteJob
    Program data: sM/2c1+zCYQpmSG7y8uipd3maPD5bPbSuXCmUVbt0oUto4T6NBZqEgAAAAAAAAAAQllxibbPuln7xJcbwuqtE5WFPk4Nu6sud/p0F1RKMvA3p1D8aWZ75zxbvC7E+Z7xvRTwulYaNjfJgZf+1wvV5hkIqmkAAAAA
    Program 5MSKMK96xy7rVkXYAgBPZmZfwRkvehe8P94qvVHhCSP1 consumed 8028 of 200000 compute units
    Program 5MSKMK96xy7rVkXYAgBPZmZfwRkvehe8P94qvVHhCSP1 success
Transaction executed in slot 30:
  Signature: 63VH6jhQnbbeHk4GbdbtDdxQYfu6jwJrnAiVvi7yQ2WTqmyWsgYqvfsTjAUsLgLRq5Xtm2FPhmtV7ue6WdgeLicv
  Status: Ok
  Log Messages:
    Program 5MSKMK96xy7rVkXYAgBPZmZfwRkvehe8P94qvVHhCSP1 invoke [1]
    Program log: Instruction: ClaimJob
    Program data: sG5oJhvcPb8pmSG7y8uipd3maPD5bPbSuXCmUVbt0oUto4T6NBZqEgEAAAAAAAAAQllxibbPuln7xJcbwuqtE5WFPk4Nu6sud/p0F1RKMvABGgiqaQAAAAA=
    Program 5MSKMK96xy7rVkXYAgBPZmZfwRkvehe8P94qvVHhCSP1 consumed 10430 of 200000 compute units
    Program 5MSKMK96xy7rVkXYAgBPZmZfwRkvehe8P94qvVHhCSP1 success
Transaction executed in slot 31:
  Signature: 2ZDTLgHCBo1AvD6zQQiAYR1TXYNAwrNjvFjR3DTqy18eAyT6eX3fsVfQvrGs46yArHSxve61xMv7wd7uoKf55zgH
  Status: Ok
  Log Messages:
    Program 5MSKMK96xy7rVkXYAgBPZmZfwRkvehe8P94qvVHhCSP1 invoke [1]
    Program log: Instruction: FailJob
    Program data: vt4I4aN59EwpmSG7y8uipd3maPD5bPbSuXCmUVbt0oUto4T6NBZqEgEAAAAAAAAAAQMqAAAAGgiqaQAAAAA=
    Program 5MSKMK96xy7rVkXYAgBPZmZfwRkvehe8P94qvVHhCSP1 consumed 10452 of 200000 compute units
    Program 5MSKMK96xy7rVkXYAgBPZmZfwRkvehe8P94qvVHhCSP1 success
Transaction executed in slot 32:
  Signature: 4KRXPJRjc6GfZ4iHzd9cKNnhf4fL8hdd9RDbn2t8fwmzwpR9Qjqxbh9Vcy3d6QqGKifr32ADQn9XjG5YXPNVDb12
  Status: Ok
  Log Messages:
    Program 5MSKMK96xy7rVkXYAgBPZmZfwRkvehe8P94qvVHhCSP1 invoke [1]
    Program log: Instruction: ClaimJob
    Program data: sG5oJhvcPb8pmSG7y8uipd3maPD5bPbSuXCmUVbt0oUto4T6NBZqEgEAAAAAAAAAQllxibbPuln7xJcbwuqtE5WFPk4Nu6sud/p0F1RKMvABGwiqaQAAAAA=
    Program 5MSKMK96xy7rVkXYAgBPZmZfwRkvehe8P94qvVHhCSP1 consumed 10430 of 200000 compute units
    Program 5MSKMK96xy7rVkXYAgBPZmZfwRkvehe8P94qvVHhCSP1 success
Transaction executed in slot 32:
  Signature: 5orRK6KBEhj532zru5H188xkWTYEHGsDab5snCaycWi6tjDihc2zXZZGUpACJVqMNz8QrqeT6HkjYp5HBFanU7P5
  Status: Ok
  Log Messages:
    Program 5MSKMK96xy7rVkXYAgBPZmZfwRkvehe8P94qvVHhCSP1 invoke [1]
    Program log: Instruction: FailJob
    Program data: vt4I4aN59EwpmSG7y8uipd3maPD5bPbSuXCmUVbt0oUto4T6NBZqEgEAAAAAAAAAAgNlAAAAGwiqaQAAAAA=
    Program 5MSKMK96xy7rVkXYAgBPZmZfwRkvehe8P94qvVHhCSP1 consumed 10452 of 200000 compute units
    Program 5MSKMK96xy7rVkXYAgBPZmZfwRkvehe8P94qvVHhCSP1 success
Transaction executed in slot 33:
  Signature: 5orRK6KBEhj532zru5H188xkWTYEHGsDab5snCaycWi6tjDihc2zXZZGUpACJVqMNz8QrqeT6HkjYp5HBFanU7P5
  Status: Ok
  Log Messages:
    Program 5MSKMK96xy7rVkXYAgBPZmZfwRkvehe8P94qvVHhCSP1 invoke [1]
    Program log: Instruction: FailJob
    Program data: vt4I4aN59EwpmSG7y8uipd3maPD5bPbSuXCmUVbt0oUto4T6NBZqEgEAAAAAAAAAAgNlAAAAGwiqaQAAAAA=
    Program 5MSKMK96xy7rVkXYAgBPZmZfwRkvehe8P94qvVHhCSP1 consumed 10452 of 200000 compute units
    Program 5MSKMK96xy7rVkXYAgBPZmZfwRkvehe8P94qvVHhCSP1 success
Transaction executed in slot 34:
  Signature: 4cHs8RkYK5WnLNHJq3KyDUUPQCM5BqJh4Bu3p3JBm4yKNnHvU2Ax56d9nVf3aSeAXWQZZ7XkpviirkH6akfUjB78
  Status: Ok
  Log Messages:
    Program 5MSKMK96xy7rVkXYAgBPZmZfwRkvehe8P94qvVHhCSP1 invoke [1]
    Program log: Instruction: ClaimJob
    Program data: sG5oJhvcPb8pmSG7y8uipd3maPD5bPbSuXCmUVbt0oUto4T6NBZqEgEAAAAAAAAAQllxibbPuln7xJcbwuqtE5WFPk4Nu6sud/p0F1RKMvABHAiqaQAAAAA=
    Program 5MSKMK96xy7rVkXYAgBPZmZfwRkvehe8P94qvVHhCSP1 consumed 10430 of 200000 compute units
    Program 5MSKMK96xy7rVkXYAgBPZmZfwRkvehe8P94qvVHhCSP1 success
Transaction executed in slot 34:
  Signature: 5WJ7sR2p5PB8b45DREzTRppvj8nyPVEupmNy9h3ErQrNh1t6Eq8zjUQ7W6ZEno6n5bWvNrDahvWUbbrGMHAA4BJZ
  Status: Ok
  Log Messages:
    Program 5MSKMK96xy7rVkXYAgBPZmZfwRkvehe8P94qvVHhCSP1 invoke [1]
    Program log: Instruction: FailJob
    Program data: vt4I4aN59EwpmSG7y8uipd3maPD5bPbSuXCmUVbt0oUto4T6NBZqEgEAAAAAAAAAAwNmAAAAHAiqaQAAAAA=
    Program 5MSKMK96xy7rVkXYAgBPZmZfwRkvehe8P94qvVHhCSP1 consumed 10452 of 200000 compute units
    Program 5MSKMK96xy7rVkXYAgBPZmZfwRkvehe8P94qvVHhCSP1 success
Transaction executed in slot 35:
  Signature: 5WJ7sR2p5PB8b45DREzTRppvj8nyPVEupmNy9h3ErQrNh1t6Eq8zjUQ7W6ZEno6n5bWvNrDahvWUbbrGMHAA4BJZ
  Status: Ok
  Log Messages:
    Program 5MSKMK96xy7rVkXYAgBPZmZfwRkvehe8P94qvVHhCSP1 invoke [1]
    Program log: Instruction: FailJob
    Program data: vt4I4aN59EwpmSG7y8uipd3maPD5bPbSuXCmUVbt0oUto4T6NBZqEgEAAAAAAAAAAwNmAAAAHAiqaQAAAAA=
    Program 5MSKMK96xy7rVkXYAgBPZmZfwRkvehe8P94qvVHhCSP1 consumed 10452 of 200000 compute units
    Program 5MSKMK96xy7rVkXYAgBPZmZfwRkvehe8P94qvVHhCSP1 success
Transaction executed in slot 36:
  Signature: xdnXu5fhrqMNe1NPuBvdz5uw3gJM4ymN8SXAG2toonsVtgjoVzELa7B5qCqJF5hZPcQa3wEMrfWF1fH6KUTnEHH
  Status: Ok
  Log Messages:
    Program 5MSKMK96xy7rVkXYAgBPZmZfwRkvehe8P94qvVHhCSP1 invoke [1]
    Program log: Instruction: ClaimJob
    Program data: sG5oJhvcPb8pmSG7y8uipd3maPD5bPbSuXCmUVbt0oUto4T6NBZqEgEAAAAAAAAAQllxibbPuln7xJcbwuqtE5WFPk4Nu6sud/p0F1RKMvABHAiqaQAAAAA=
    Program 5MSKMK96xy7rVkXYAgBPZmZfwRkvehe8P94qvVHhCSP1 consumed 10430 of 200000 compute units
    Program 5MSKMK96xy7rVkXYAgBPZmZfwRkvehe8P94qvVHhCSP1 success
Transaction executed in slot 37:
  Signature: 9Eexz4jF9zqMk3NQDrkK2sctD2ZYneyxKzxRyUXuA9QxsRGPJ3DhfUfp3wis61kC2RS7PneSRQFrsbP5bwW29S5
  Status: Ok
  Log Messages:
    Program 5MSKMK96xy7rVkXYAgBPZmZfwRkvehe8P94qvVHhCSP1 invoke [1]
    Program log: Instruction: FailJob
    Program data: 747A169IEywpmSG7y8uipd3maPD5bPbSuXCmUVbt0oUto4T6NBZqEgEAAAAAAAAAQllxibbPuln7xJcbwuqtE5WFPk4Nu6sud/p0F1RKMvDnAwAAAx0IqmkAAAAA
    Program 5MSKMK96xy7rVkXYAgBPZmZfwRkvehe8P94qvVHhCSP1 consumed 10492 of 200000 compute units
    Program 5MSKMK96xy7rVkXYAgBPZmZfwRkvehe8P94qvVHhCSP1 success
Transaction executed in slot 37:
  Signature: 3f1ovpMEQVqb1eSUK8twfzLdLMCHmhFKmQd96KPHxvTMSoZnC8m9Pb2dR7em4JJiZSAwfPi7rATsTCyfHn6uByzL
  Status: Ok
  Log Messages:
    Program 5MSKMK96xy7rVkXYAgBPZmZfwRkvehe8P94qvVHhCSP1 invoke [1]
    Program log: Instruction: ClaimJob
    Program data: sG5oJhvcPb8pmSG7y8uipd3maPD5bPbSuXCmUVbt0oUto4T6NBZqEgIAAAAAAAAAQllxibbPuln7xJcbwuqtE5WFPk4Nu6sud/p0F1RKMvACHQiqaQAAAAA=
    Program 5MSKMK96xy7rVkXYAgBPZmZfwRkvehe8P94qvVHhCSP1 consumed 10430 of 200000 compute units
    Program 5MSKMK96xy7rVkXYAgBPZmZfwRkvehe8P94qvVHhCSP1 success
Transaction executed in slot 37:
  Signature: 4cWCwGSXGdX4o877dw1SN8rKA2Bom7qmrkfJioiVyrAsfv5rmkaYvXwhaji1etaH9hGRpZ95tuz9899GysbNu6Ev
  Status: Ok
  Log Messages:
    Program 5MSKMK96xy7rVkXYAgBPZmZfwRkvehe8P94qvVHhCSP1 invoke [1]
    Program log: Instruction: ClaimJob
    Program data: sG5oJhvcPb8pmSG7y8uipd3maPD5bPbSuXCmUVbt0oUto4T6NBZqEgMAAAAAAAAA4VVkA0NFGfklWaNAVnNOc30ABDABiaoEhLuBLi3K4TgDHQiqaQAAAAA=
    Program 5MSKMK96xy7rVkXYAgBPZmZfwRkvehe8P94qvVHhCSP1 consumed 10430 of 200000 compute units
    Program 5MSKMK96xy7rVkXYAgBPZmZfwRkvehe8P94qvVHhCSP1 success
Transaction executed in slot 38:
  Signature: 3f1ovpMEQVqb1eSUK8twfzLdLMCHmhFKmQd96KPHxvTMSoZnC8m9Pb2dR7em4JJiZSAwfPi7rATsTCyfHn6uByzL
  Status: Ok
  Log Messages:
    Program 5MSKMK96xy7rVkXYAgBPZmZfwRkvehe8P94qvVHhCSP1 invoke [1]
    Program log: Instruction: ClaimJob
    Program data: sG5oJhvcPb8pmSG7y8uipd3maPD5bPbSuXCmUVbt0oUto4T6NBZqEgIAAAAAAAAAQllxibbPuln7xJcbwuqtE5WFPk4Nu6sud/p0F1RKMvACHQiqaQAAAAA=
    Program 5MSKMK96xy7rVkXYAgBPZmZfwRkvehe8P94qvVHhCSP1 consumed 10430 of 200000 compute units
    Program 5MSKMK96xy7rVkXYAgBPZmZfwRkvehe8P94qvVHhCSP1 success
Transaction executed in slot 38:
  Signature: 4cWCwGSXGdX4o877dw1SN8rKA2Bom7qmrkfJioiVyrAsfv5rmkaYvXwhaji1etaH9hGRpZ95tuz9899GysbNu6Ev
  Status: Ok
  Log Messages:
    Program 5MSKMK96xy7rVkXYAgBPZmZfwRkvehe8P94qvVHhCSP1 invoke [1]
    Program log: Instruction: ClaimJob
    Program data: sG5oJhvcPb8pmSG7y8uipd3maPD5bPbSuXCmUVbt0oUto4T6NBZqEgMAAAAAAAAA4VVkA0NFGfklWaNAVnNOc30ABDABiaoEhLuBLi3K4TgDHQiqaQAAAAA=
    Program 5MSKMK96xy7rVkXYAgBPZmZfwRkvehe8P94qvVHhCSP1 consumed 10430 of 200000 compute units
    Program 5MSKMK96xy7rVkXYAgBPZmZfwRkvehe8P94qvVHhCSP1 success
Transaction executed in slot 38:
  Signature: 52fR4Fgp8cEZYA9vYEzUJ5eGFFxToebis5WW2tK6fFNjipG1EfBxJ78PJHTaH3LqJNchcYzH5Dnir4nBdD6GJ1L4
  Status: Ok
  Log Messages:
    Program 5MSKMK96xy7rVkXYAgBPZmZfwRkvehe8P94qvVHhCSP1 invoke [1]
    Program log: Instruction: CompleteJob
    Program data: sM/2c1+zCYQpmSG7y8uipd3maPD5bPbSuXCmUVbt0oUto4T6NBZqEgMAAAAAAAAA4VVkA0NFGfklWaNAVnNOc30ABDABiaoEhLuBLi3K4TibTD+6rIRQtfPY5jmUt+Cz9oDhzUxZEzCstQd59y5NPB0IqmkAAAAA
    Program 5MSKMK96xy7rVkXYAgBPZmZfwRkvehe8P94qvVHhCSP1 consumed 8028 of 200000 compute units
    Program 5MSKMK96xy7rVkXYAgBPZmZfwRkvehe8P94qvVHhCSP1 success
Transaction executed in slot 38:
  Signature: 2o2rsy732vFy3L7x2QfrR13ahPSfaXgTfwihA3vQFzxgUQ6KiFMaxPiXhEzjmLnHnGFoYpqwTsqDtz9tvaYVhX44
  Status: Ok
  Log Messages:
    Program 5MSKMK96xy7rVkXYAgBPZmZfwRkvehe8P94qvVHhCSP1 invoke [1]
    Program log: Instruction: CompleteJob
    Program data: sM/2c1+zCYQpmSG7y8uipd3maPD5bPbSuXCmUVbt0oUto4T6NBZqEgIAAAAAAAAAQllxibbPuln7xJcbwuqtE5WFPk4Nu6sud/p0F1RKMvAuDIneofwXXd9YIgvFhsdf9caIAItkXyj2ksCdomng9h0IqmkAAAAA
    Program 5MSKMK96xy7rVkXYAgBPZmZfwRkvehe8P94qvVHhCSP1 consumed 8028 of 200000 compute units
    Program 5MSKMK96xy7rVkXYAgBPZmZfwRkvehe8P94qvVHhCSP1 success
Transaction executed in slot 39:
  Signature: 52fR4Fgp8cEZYA9vYEzUJ5eGFFxToebis5WW2tK6fFNjipG1EfBxJ78PJHTaH3LqJNchcYzH5Dnir4nBdD6GJ1L4
  Status: Ok
  Log Messages:
    Program 5MSKMK96xy7rVkXYAgBPZmZfwRkvehe8P94qvVHhCSP1 invoke [1]
    Program log: Instruction: CompleteJob
    Program data: sM/2c1+zCYQpmSG7y8uipd3maPD5bPbSuXCmUVbt0oUto4T6NBZqEgMAAAAAAAAA4VVkA0NFGfklWaNAVnNOc30ABDABiaoEhLuBLi3K4TibTD+6rIRQtfPY5jmUt+Cz9oDhzUxZEzCstQd59y5NPB4IqmkAAAAA
    Program 5MSKMK96xy7rVkXYAgBPZmZfwRkvehe8P94qvVHhCSP1 consumed 8028 of 200000 compute units
    Program 5MSKMK96xy7rVkXYAgBPZmZfwRkvehe8P94qvVHhCSP1 success
Transaction executed in slot 39:
  Signature: 2o2rsy732vFy3L7x2QfrR13ahPSfaXgTfwihA3vQFzxgUQ6KiFMaxPiXhEzjmLnHnGFoYpqwTsqDtz9tvaYVhX44
  Status: Ok
  Log Messages:
    Program 5MSKMK96xy7rVkXYAgBPZmZfwRkvehe8P94qvVHhCSP1 invoke [1]
    Program log: Instruction: CompleteJob
    Program data: sM/2c1+zCYQpmSG7y8uipd3maPD5bPbSuXCmUVbt0oUto4T6NBZqEgIAAAAAAAAAQllxibbPuln7xJcbwuqtE5WFPk4Nu6sud/p0F1RKMvAuDIneofwXXd9YIgvFhsdf9caIAItkXyj2ksCdomng9h4IqmkAAAAA
    Program 5MSKMK96xy7rVkXYAgBPZmZfwRkvehe8P94qvVHhCSP1 consumed 8028 of 200000 compute units
    Program 5MSKMK96xy7rVkXYAgBPZmZfwRkvehe8P94qvVHhCSP1 success
Transaction executed in slot 40:
  Signature: DhsjVtQtWVPArCszaLVfLWSVgnbHCWWhZy5oks5nQwFExGgK9VzTFnCnfgFdN85ExeUtjzWPWyM2L4VU25ParBN
  Status: Ok
  Log Messages:
    Program 5MSKMK96xy7rVkXYAgBPZmZfwRkvehe8P94qvVHhCSP1 invoke [1]
    Program log: Instruction: CreateQueue
    Program 11111111111111111111111111111111 invoke [2]
    Program 11111111111111111111111111111111 success
    Program data: Eof0taJTWq/xn0R6XoGWTz9CPWWjtWoONgJWoDlR04dNWUxdf9JCSWhADB9D46jKZcnzaaJv/DyfILpqIdhhs+QLAsmGorp+DQAAAHRpbWVvdXQtcXVldWUBAgIAAAAAAAAAHgiqaQAAAAA=
    Program 5MSKMK96xy7rVkXYAgBPZmZfwRkvehe8P94qvVHhCSP1 consumed 13716 of 200000 compute units
    Program 5MSKMK96xy7rVkXYAgBPZmZfwRkvehe8P94qvVHhCSP1 success
Transaction executed in slot 40:
  Signature: 65q7x8UvUpGk6fBuRX94y5o7FJLaxfcEzAZGXn6rTcFLWfrfuktLZdjELaMGDrvWpoaDbwDcMnsqjNMf4kQKGTUj
  Status: Ok
  Log Messages:
    Program 5MSKMK96xy7rVkXYAgBPZmZfwRkvehe8P94qvVHhCSP1 invoke [1]
    Program log: Instruction: InitBucket
    Program 11111111111111111111111111111111 invoke [2]
    Program 11111111111111111111111111111111 success
    Program data: oDY2nqkZOvLxn0R6XoGWTz9CPWWjtWoONgJWoDlR04dNWUxdf9JCSYd9cvCVsbXlYdfXZp5iCivDaGMrEE3f8OrTcm4/zCgNAB4IqmkAAAAA
    Program 5MSKMK96xy7rVkXYAgBPZmZfwRkvehe8P94qvVHhCSP1 consumed 9453 of 200000 compute units
    Program 5MSKMK96xy7rVkXYAgBPZmZfwRkvehe8P94qvVHhCSP1 success
Transaction executed in slot 41:
  Signature: 65q7x8UvUpGk6fBuRX94y5o7FJLaxfcEzAZGXn6rTcFLWfrfuktLZdjELaMGDrvWpoaDbwDcMnsqjNMf4kQKGTUj
  Status: Ok
  Log Messages:
    Program 5MSKMK96xy7rVkXYAgBPZmZfwRkvehe8P94qvVHhCSP1 invoke [1]
    Program log: Instruction: InitBucket
    Program 11111111111111111111111111111111 invoke [2]
    Program 11111111111111111111111111111111 success
    Program data: oDY2nqkZOvLxn0R6XoGWTz9CPWWjtWoONgJWoDlR04dNWUxdf9JCSYd9cvCVsbXlYdfXZp5iCivDaGMrEE3f8OrTcm4/zCgNAB4IqmkAAAAA
    Program 5MSKMK96xy7rVkXYAgBPZmZfwRkvehe8P94qvVHhCSP1 consumed 9453 of 200000 compute units
    Program 5MSKMK96xy7rVkXYAgBPZmZfwRkvehe8P94qvVHhCSP1 success
Transaction executed in slot 42:
  Signature: 4PZVrDEKnX9pwFQFai3MbvCgLWNUbhyngMFXiTSGau8BYH1XphqUq8VDSrm58ux6mrxFSfnbErzw1p9KLt2so7cC
  Status: Ok
  Log Messages:
    Program 5MSKMK96xy7rVkXYAgBPZmZfwRkvehe8P94qvVHhCSP1 invoke [1]
    Program log: Instruction: RegisterWorker
    Program 11111111111111111111111111111111 invoke [2]
    Program 11111111111111111111111111111111 success
    Program data: IMREVevJ1bPxn0R6XoGWTz9CPWWjtWoONgJWoDlR04dNWUxdf9JCSUJZcYm2z7pZ+8SXG8LqrROVhT5ODburLnf6dBdUSjLwHwiqaQAAAAA=
    Program 5MSKMK96xy7rVkXYAgBPZmZfwRkvehe8P94qvVHhCSP1 consumed 10604 of 200000 compute units
    Program 5MSKMK96xy7rVkXYAgBPZmZfwRkvehe8P94qvVHhCSP1 success
Transaction executed in slot 42:
  Signature: 4r6YWLL3bJTfE8RLdJkJFmbw1NmZ8fD3hPcBV7V4oB9en9fDDbNHUQLnTqqB3QB7poGBWT2JqcEZ19Wu8vwLtfTb
  Status: Ok
  Log Messages:
    Program 5MSKMK96xy7rVkXYAgBPZmZfwRkvehe8P94qvVHhCSP1 invoke [1]
    Program log: Instruction: SubmitJob
    Program 11111111111111111111111111111111 invoke [2]
    Program 11111111111111111111111111111111 success
    Program data: gcwjfyYyg/jxn0R6XoGWTz9CPWWjtWoONgJWoDlR04dNWUxdf9JCSQAAAAAAAAAAaEAMH0PjqMplyfNpom/8PJ8gumoh2GGz5AsCyYaiun5oAlpy69GH8UG9mrFnwblJrOuoZNq6yJE8+OTufOhC0gAAHwiqaQAAAAA=
    Program 5MSKMK96xy7rVkXYAgBPZmZfwRkvehe8P94qvVHhCSP1 consumed 13023 of 200000 compute units
    Program 5MSKMK96xy7rVkXYAgBPZmZfwRkvehe8P94qvVHhCSP1 success
Transaction executed in slot 43:
  Signature: 4r6YWLL3bJTfE8RLdJkJFmbw1NmZ8fD3hPcBV7V4oB9en9fDDbNHUQLnTqqB3QB7poGBWT2JqcEZ19Wu8vwLtfTb
  Status: Ok
  Log Messages:
    Program 5MSKMK96xy7rVkXYAgBPZmZfwRkvehe8P94qvVHhCSP1 invoke [1]
    Program log: Instruction: SubmitJob
    Program 11111111111111111111111111111111 invoke [2]
    Program 11111111111111111111111111111111 success
    Program data: gcwjfyYyg/jxn0R6XoGWTz9CPWWjtWoONgJWoDlR04dNWUxdf9JCSQAAAAAAAAAAaEAMH0PjqMplyfNpom/8PJ8gumoh2GGz5AsCyYaiun5oAlpy69GH8UG9mrFnwblJrOuoZNq6yJE8+OTufOhC0gAAHwiqaQAAAAA=
    Program 5MSKMK96xy7rVkXYAgBPZmZfwRkvehe8P94qvVHhCSP1 consumed 13023 of 200000 compute units
    Program 5MSKMK96xy7rVkXYAgBPZmZfwRkvehe8P94qvVHhCSP1 success
Transaction executed in slot 44:
  Signature: 5NsiNvhhn8UhBDSd3nkc6gweRqAQdMuUEmCLkvkoDVK5tdkM3efcgzwzyaFjqm7tsNgcdK2rFrJ6o9gY9t6uFnBR
  Status: Ok
  Log Messages:
    Program 5MSKMK96xy7rVkXYAgBPZmZfwRkvehe8P94qvVHhCSP1 invoke [1]
    Program log: Instruction: ClaimJob
    Program data: sG5oJhvcPb/xn0R6XoGWTz9CPWWjtWoONgJWoDlR04dNWUxdf9JCSQAAAAAAAAAAQllxibbPuln7xJcbwuqtE5WFPk4Nu6sud/p0F1RKMvAAIAiqaQAAAAA=
    Program 5MSKMK96xy7rVkXYAgBPZmZfwRkvehe8P94qvVHhCSP1 consumed 10472 of 200000 compute units
    Program 5MSKMK96xy7rVkXYAgBPZmZfwRkvehe8P94qvVHhCSP1 success
Transaction executed in slot 54:
  Signature: 4LFxw9rBeVzF5a54LdcFr9WYBXTHTbyYR1TEMS1AqCoCFNqmGrRAUtDivB9wCZrC4nDyrdiCcjnfsJBWyg1oELxy
  Status: Ok
  Log Messages:
    Program 5MSKMK96xy7rVkXYAgBPZmZfwRkvehe8P94qvVHhCSP1 invoke [1]
    Program log: Instruction: TimeoutJob
    Program data: Mprib2ubhIjxn0R6XoGWTz9CPWWjtWoONgJWoDlR04dNWUxdf9JCSQAAAAAAAAAAAQEkCKppAAAAAA==
    Program 5MSKMK96xy7rVkXYAgBPZmZfwRkvehe8P94qvVHhCSP1 consumed 7544 of 200000 compute units
    Program 5MSKMK96xy7rVkXYAgBPZmZfwRkvehe8P94qvVHhCSP1 success
Transaction executed in slot 54:
  Signature: 2gnL3Psv29tAL3sdobJvoNKcSBj4HR76EoKN6Z9gWv3fG3bx7e5SJUtm8SmvuxF1JHxknSm4fZCWR5rxmLLY1nzy
  Status: Ok
  Log Messages:
    Program 5MSKMK96xy7rVkXYAgBPZmZfwRkvehe8P94qvVHhCSP1 invoke [1]
    Program log: Instruction: SubmitJob
    Program 11111111111111111111111111111111 invoke [2]
    Program 11111111111111111111111111111111 success
    Program data: gcwjfyYyg/jxn0R6XoGWTz9CPWWjtWoONgJWoDlR04dNWUxdf9JCSQEAAAAAAAAAaEAMH0PjqMplyfNpom/8PJ8gumoh2GGz5AsCyYaiun6DLc1WHQbmej6iSLNXO0ttgQHQpKtG7ynmnCaAfDNAsQAAJAiqaQAAAAA=
    Program 5MSKMK96xy7rVkXYAgBPZmZfwRkvehe8P94qvVHhCSP1 consumed 17523 of 200000 compute units
    Program 5MSKMK96xy7rVkXYAgBPZmZfwRkvehe8P94qvVHhCSP1 success
Transaction executed in slot 55:
  Signature: 2gnL3Psv29tAL3sdobJvoNKcSBj4HR76EoKN6Z9gWv3fG3bx7e5SJUtm8SmvuxF1JHxknSm4fZCWR5rxmLLY1nzy
  Status: Ok
  Log Messages:
    Program 5MSKMK96xy7rVkXYAgBPZmZfwRkvehe8P94qvVHhCSP1 invoke [1]
    Program log: Instruction: SubmitJob
    Program 11111111111111111111111111111111 invoke [2]
    Program 11111111111111111111111111111111 success
    Program data: gcwjfyYyg/jxn0R6XoGWTz9CPWWjtWoONgJWoDlR04dNWUxdf9JCSQEAAAAAAAAAaEAMH0PjqMplyfNpom/8PJ8gumoh2GGz5AsCyYaiun6DLc1WHQbmej6iSLNXO0ttgQHQpKtG7ynmnCaAfDNAsQAAJAiqaQAAAAA=
    Program 5MSKMK96xy7rVkXYAgBPZmZfwRkvehe8P94qvVHhCSP1 consumed 17523 of 200000 compute units
    Program 5MSKMK96xy7rVkXYAgBPZmZfwRkvehe8P94qvVHhCSP1 success
Transaction executed in slot 56:
  Signature: 5qXhyqJJPksh3kFRGtvDPXXnY4KRNVW1sEjcAwQ5uqwPbz2NpozP1UjbUjzi93efbiYHoEmcnQB89so4X91q4T9N
  Status: Ok
  Log Messages:
    Program 5MSKMK96xy7rVkXYAgBPZmZfwRkvehe8P94qvVHhCSP1 invoke [1]
    Program log: Instruction: ClaimJob
    Program data: sG5oJhvcPb/xn0R6XoGWTz9CPWWjtWoONgJWoDlR04dNWUxdf9JCSQEAAAAAAAAAQllxibbPuln7xJcbwuqtE5WFPk4Nu6sud/p0F1RKMvAAJAiqaQAAAAA=
    Program 5MSKMK96xy7rVkXYAgBPZmZfwRkvehe8P94qvVHhCSP1 consumed 10472 of 200000 compute units
    Program 5MSKMK96xy7rVkXYAgBPZmZfwRkvehe8P94qvVHhCSP1 success
Transaction executed in slot 57:
  Signature: HhADXeKLf295PpFgfLzikUi6bk3uUUFSRGSKB79MHxhZx6czsjXhmK1AcxNxaqhEo6rncD2JAwhmaqgNZQah1kW
  Status: Ok
  Log Messages:
    Program 5MSKMK96xy7rVkXYAgBPZmZfwRkvehe8P94qvVHhCSP1 invoke [1]
    Program log: Instruction: UpdateQueue
    Program data: RrU7hqjNd6gpmSG7y8uipd3maPD5bPbSuXCmUVbt0oUto4T6NBZqEmhADB9D46jKZcnzaaJv/DyfILpqIdhhs+QLAsmGorp+JQiqaQAAAAA=
    Program 5MSKMK96xy7rVkXYAgBPZmZfwRkvehe8P94qvVHhCSP1 consumed 3299 of 200000 compute units
    Program 5MSKMK96xy7rVkXYAgBPZmZfwRkvehe8P94qvVHhCSP1 success
Transaction executed in slot 57:
  Signature: QqPa58GbdVCbYgSvFFfkqMWK928wKuVgcm2DhqzpZnuxRzM8Wffab1AgvDjDdYAsVqXUqHDRSYq8TqNTWADJmCB
  Status: Error processing Instruction 0: custom program error: 0x1780
  Log Messages:
    Program 5MSKMK96xy7rVkXYAgBPZmZfwRkvehe8P94qvVHhCSP1 invoke [1]
    Program log: Instruction: UpdateQueue
    Program log: AnchorError caused by account: queue. Error Code: Unauthorized. Error Number: 6016. Error Message: Unauthorized — only queue authority can perform this action.
    Program log: Left:
    Program log: 81x3aG89uj4Tbi6hLX1z2GQivx3gMBEMZjj2fCHrTVau
    Program log: Right:
    Program log: HEBr2WXMVVZDa9H1rHvdQ51w5TYL5JBYa1speRsBkEDF
    Program 5MSKMK96xy7rVkXYAgBPZmZfwRkvehe8P94qvVHhCSP1 consumed 3750 of 200000 compute units
    Program 5MSKMK96xy7rVkXYAgBPZmZfwRkvehe8P94qvVHhCSP1 failed: custom program error: 0x1780
